[     563ms] [WARNING] The PerformanceObserver does not support buffered flag with the entryTypes argument. @ https://www.gstatic.com/_/mss/boq-cloud-client/_/js/k=boq-cloud-client.CloudConsoleWeb.en_US.HoG93NFheN0.es5.O/am=AAAAAAAcAAAAAAAAWA/d=1/excm=core/ed=1/wt=2/ujg=1/rs=AJ563L-0Ak6s1gRKD2_cLj0J2czfdTu79w/dti=1/m=core:1188
[     705ms] [ERROR] Failed to load resource: net::ERR_UNSAFE_REDIRECT @ https://www.googletagmanager.com/gtm.js?id=GTM-5CVQBG&l=gtmDataLayer:0
[     837ms] [WARNING] No ID or name found in config. @ https://www.gstatic.com/_/mss/boq-cloud-client/_/js/k=boq-cloud-client.CloudConsoleWeb.en_US.HoG93NFheN0.es5.O/am=AAAAAAAcAAAAAAAAWA/d=1/excm=core/ed=1/wt=2/ujg=1/rs=AJ563L-0Ak6s1gRKD2_cLj0J2czfdTu79w/dti=1/m=core:3891
[     895ms] [ERROR] Failed to load resource: the server responded with a status of 404 () @ https://cloudusersettings-pa.clients6.google.com/v1alpha1/settings/CONSOLE_NAV_UNLOCKED?key=AIzaSyCI-zsRP85UVOi0DjtiCwWBwQ1djDy741g:0
[     898ms] [ERROR] Failed to load resource: the server responded with a status of 404 () @ https://cloudusersettings-pa.clients6.google.com/v1alpha1/settings/PAN_CORE_ACCESSIBILITY_KEYBOARD_SHORTCUTS?key=AIzaSyCI-zsRP85UVOi0DjtiCwWBwQ1djDy741g:0
[     907ms] [WARNING] No ID or name found in config. @ https://www.gstatic.com/_/mss/boq-cloud-client/_/js/k=boq-cloud-client.CloudConsoleWeb.en_US.HoG93NFheN0.es5.O/am=AAAAAAAcAAAAAAAAWA/d=1/excm=core/ed=1/wt=2/ujg=1/rs=AJ563L-0Ak6s1gRKD2_cLj0J2czfdTu79w/dti=1/m=core:3891
[     910ms] [WARNING] No ID or name found in config. @ https://www.gstatic.com/_/mss/boq-cloud-client/_/js/k=boq-cloud-client.CloudConsoleWeb.en_US.HoG93NFheN0.es5.O/am=AAAAAAAcAAAAAAAAWA/d=1/excm=core/ed=1/wt=2/ujg=1/rs=AJ563L-0Ak6s1gRKD2_cLj0J2czfdTu79w/dti=1/m=core:3891
[     911ms] [WARNING] No ID or name found in config. @ https://www.gstatic.com/_/mss/boq-cloud-client/_/js/k=boq-cloud-client.CloudConsoleWeb.en_US.HoG93NFheN0.es5.O/am=AAAAAAAcAAAAAAAAWA/d=1/excm=core/ed=1/wt=2/ujg=1/rs=AJ563L-0Ak6s1gRKD2_cLj0J2czfdTu79w/dti=1/m=core:3891
[     912ms] [WARNING] No ID or name found in config. @ https://www.gstatic.com/_/mss/boq-cloud-client/_/js/k=boq-cloud-client.CloudConsoleWeb.en_US.HoG93NFheN0.es5.O/am=AAAAAAAcAAAAAAAAWA/d=1/excm=core/ed=1/wt=2/ujg=1/rs=AJ563L-0Ak6s1gRKD2_cLj0J2czfdTu79w/dti=1/m=core:3891
[     913ms] [WARNING] No ID or name found in config. @ https://www.gstatic.com/_/mss/boq-cloud-client/_/js/k=boq-cloud-client.CloudConsoleWeb.en_US.HoG93NFheN0.es5.O/am=AAAAAAAcAAAAAAAAWA/d=1/excm=core/ed=1/wt=2/ujg=1/rs=AJ563L-0Ak6s1gRKD2_cLj0J2czfdTu79w/dti=1/m=core:3891
[     986ms] [ERROR] Failed to load resource: the server responded with a status of 404 () @ https://cloudusersettings-pa.clients6.google.com/v1alpha1/settings/GROWTH_TARGETED_FEATURE_HISTORY/keys/console_search_product_summaries_callout?key=AIzaSyCI-zsRP85UVOi0DjtiCwWBwQ1djDy741g:0
[     990ms] [ERROR] Failed to load resource: the server responded with a status of 404 () @ https://cloudusersettings-pa.clients6.google.com/v1alpha1/settings/PIPELINES_AND_CONNECTIONS_OPT_IN?key=AIzaSyCI-zsRP85UVOi0DjtiCwWBwQ1djDy741g:0
[    1058ms] [ERROR] Failed to load resource: the server responded with a status of 404 () @ https://cloudusersettings-pa.clients6.google.com/v1alpha1/settings/SIDENAV_COMPACT_MODE?key=AIzaSyCI-zsRP85UVOi0DjtiCwWBwQ1djDy741g:0
[    1969ms] [ERROR] Failed to load resource: the server responded with a status of 400 () @ https://cloudusersettings-pa.clients6.google.com/v1alpha1/settings/GROWTH_TARGETED_FEATURE_HISTORY?key=AIzaSyCI-zsRP85UVOi0DjtiCwWBwQ1djDy741g:0
[    2178ms] [ERROR] Failed to load resource: the server responded with a status of 404 () @ https://cloudusersettings-pa.clients6.google.com/v1alpha1/settings/MFA_COHORT_DIALOG_SETTINGS?key=AIzaSyCI-zsRP85UVOi0DjtiCwWBwQ1djDy741g:0
[    2179ms] [ERROR] Failed to load resource: the server responded with a status of 400 () @ https://cloudusersettings-pa.clients6.google.com/v1alpha1/settings/GROWTH_TARGETED_FEATURE_HISTORY?key=AIzaSyCI-zsRP85UVOi0DjtiCwWBwQ1djDy741g:0
[    2184ms] [ERROR] Failed to load resource: the server responded with a status of 404 () @ https://cloudusersettings-pa.clients6.google.com/v1alpha1/settings/COE_NU_FIRST_CHARGE_BANNER_DISMISSALS?key=AIzaSyCI-zsRP85UVOi0DjtiCwWBwQ1djDy741g:0
[    2219ms] [ERROR] Failed to load resource: the server responded with a status of 404 () @ https://cloudusersettings-pa.clients6.google.com/v1alpha1/settings/GROWTH_TARGETED_FEATURE_HISTORY/keys/survey_apis_site?key=AIzaSyCI-zsRP85UVOi0DjtiCwWBwQ1djDy741g:0
[    2396ms] [WARNING] Mixed Content: The page at 'https://console.cloud.google.com/apis/api/customsearch.googleapis.com/metrics?project=crypto-iris-485515-v4' was loaded over HTTPS, but requested an insecure element 'http://lh3.googleusercontent.com/Fz89BLtrgrv6TjhJOeQug0uwgBtJqKtqzTF8Lk_FoyPQtPZnL65NWqMupqBEZ8ezl5Hn_plffgM1IpKCuRzG=w92-h92'. This request was automatically upgraded to HTTPS, For more information see https://blog.chromium.org/2019/10/no-more-mixed-messages-about-https.html @ https://console.cloud.google.com/apis/api/customsearch.googleapis.com/metrics?project=crypto-iris-485515-v4:0
[    2713ms] [ERROR] Failed to load resource: the server responded with a status of 404 () @ https://cloudusersettings-pa.clients6.google.com/v1alpha1/settings/GROWTH_TARGETED_FEATURE_HISTORY/keys/recently_visited_products_new_badge?key=AIzaSyCI-zsRP85UVOi0DjtiCwWBwQ1djDy741g:0
[    2743ms] [ERROR] Failed to load resource: the server responded with a status of 404 () @ https://cloudusersettings-pa.clients6.google.com/v1alpha1/settings/CONSUMED_API_DASHBOARD/projects/crypto-iris-485515-v4/keys/customsearch.googleapis.com?key=AIzaSyCI-zsRP85UVOi0DjtiCwWBwQ1djDy741g:0
[    2780ms] [WARNING] No ID or name found in config. @ https://www.gstatic.com/_/mss/boq-cloud-client/_/js/k=boq-cloud-client.CloudConsoleWeb.en_US.HoG93NFheN0.es5.O/am=AAAAAAAcAAAAAAAAWA/d=1/excm=core/ed=1/wt=2/ujg=1/rs=AJ563L-0Ak6s1gRKD2_cLj0J2czfdTu79w/dti=1/m=core:3891
[    2788ms] [WARNING] No ID or name found in config. @ https://www.gstatic.com/_/mss/boq-cloud-client/_/js/k=boq-cloud-client.CloudConsoleWeb.en_US.HoG93NFheN0.es5.O/am=AAAAAAAcAAAAAAAAWA/d=1/excm=core/ed=1/wt=2/ujg=1/rs=AJ563L-0Ak6s1gRKD2_cLj0J2czfdTu79w/dti=1/m=core:3891
[    2791ms] [WARNING] No ID or name found in config. @ https://www.gstatic.com/_/mss/boq-cloud-client/_/js/k=boq-cloud-client.CloudConsoleWeb.en_US.HoG93NFheN0.es5.O/am=AAAAAAAcAAAAAAAAWA/d=1/excm=core/ed=1/wt=2/ujg=1/rs=AJ563L-0Ak6s1gRKD2_cLj0J2czfdTu79w/dti=1/m=core:3891
[    2793ms] [WARNING] No ID or name found in config. @ https://www.gstatic.com/_/mss/boq-cloud-client/_/js/k=boq-cloud-client.CloudConsoleWeb.en_US.HoG93NFheN0.es5.O/am=AAAAAAAcAAAAAAAAWA/d=1/excm=core/ed=1/wt=2/ujg=1/rs=AJ563L-0Ak6s1gRKD2_cLj0J2czfdTu79w/dti=1/m=core:3891
