[     394ms] [WARNING] The PerformanceObserver does not support buffered flag with the entryTypes argument. @ https://www.gstatic.com/_/pantheon/_/js/k=pantheon.pantheon_module_set.en_US.gxUTMSyf_6M.es5.O/am=AAAAAAAcAAAAAAAALA/d=1/rs=ADqnUbO5qFFuj75mVrKChay2h5hdx1c4og/m=core:1182
[     536ms] [ERROR] Failed to load resource: net::ERR_UNSAFE_REDIRECT @ https://www.googletagmanager.com/gtm.js?id=GTM-5CVQBG&l=gtmDataLayer:0
[     649ms] [WARNING] No ID or name found in config. @ https://www.gstatic.com/_/pantheon/_/js/k=pantheon.pantheon_module_set.en_US.gxUTMSyf_6M.es5.O/am=AAAAAAAcAAAAAAAALA/d=1/rs=ADqnUbO5qFFuj75mVrKChay2h5hdx1c4og/m=core:4041
[     738ms] [ERROR] Failed to load resource: the server responded with a status of 404 () @ https://cloudusersettings-pa.clients6.google.com/v1alpha1/settings/CONSOLE_NAV_UNLOCKED?key=AIzaSyCI-zsRP85UVOi0DjtiCwWBwQ1djDy741g:0
[     743ms] [ERROR] Failed to load resource: the server responded with a status of 404 () @ https://cloudusersettings-pa.clients6.google.com/v1alpha1/settings/PAN_CORE_ACCESSIBILITY_KEYBOARD_SHORTCUTS?key=AIzaSyCI-zsRP85UVOi0DjtiCwWBwQ1djDy741g:0
[     748ms] [ERROR] Failed to load resource: the server responded with a status of 404 () @ https://cloudusersettings-pa.clients6.google.com/v1alpha1/settings/GROWTH_TARGETED_FEATURE_HISTORY/keys/console_search_product_summaries_callout?key=AIzaSyCI-zsRP85UVOi0DjtiCwWBwQ1djDy741g:0
[     823ms] [ERROR] Failed to load resource: the server responded with a status of 404 () @ https://cloudusersettings-pa.clients6.google.com/v1alpha1/settings/PIPELINES_AND_CONNECTIONS_OPT_IN?key=AIzaSyCI-zsRP85UVOi0DjtiCwWBwQ1djDy741g:0
[     906ms] [WARNING] No ID or name found in config. @ https://www.gstatic.com/_/pantheon/_/js/k=pantheon.pantheon_module_set.en_US.gxUTMSyf_6M.es5.O/am=AAAAAAAcAAAAAAAALA/d=1/rs=ADqnUbO5qFFuj75mVrKChay2h5hdx1c4og/m=core:4041
[     908ms] [WARNING] No ID or name found in config. @ https://www.gstatic.com/_/pantheon/_/js/k=pantheon.pantheon_module_set.en_US.gxUTMSyf_6M.es5.O/am=AAAAAAAcAAAAAAAALA/d=1/rs=ADqnUbO5qFFuj75mVrKChay2h5hdx1c4og/m=core:4041
[     909ms] [WARNING] No ID or name found in config. @ https://www.gstatic.com/_/pantheon/_/js/k=pantheon.pantheon_module_set.en_US.gxUTMSyf_6M.es5.O/am=AAAAAAAcAAAAAAAALA/d=1/rs=ADqnUbO5qFFuj75mVrKChay2h5hdx1c4og/m=core:4041
[     910ms] [WARNING] No ID or name found in config. @ https://www.gstatic.com/_/pantheon/_/js/k=pantheon.pantheon_module_set.en_US.gxUTMSyf_6M.es5.O/am=AAAAAAAcAAAAAAAALA/d=1/rs=ADqnUbO5qFFuj75mVrKChay2h5hdx1c4og/m=core:4041
[     911ms] [WARNING] No ID or name found in config. @ https://www.gstatic.com/_/pantheon/_/js/k=pantheon.pantheon_module_set.en_US.gxUTMSyf_6M.es5.O/am=AAAAAAAcAAAAAAAALA/d=1/rs=ADqnUbO5qFFuj75mVrKChay2h5hdx1c4og/m=core:4041
[     934ms] [ERROR] Failed to load resource: the server responded with a status of 404 () @ https://cloudusersettings-pa.clients6.google.com/v1alpha1/settings/SIDENAV_COMPACT_MODE?key=AIzaSyCI-zsRP85UVOi0DjtiCwWBwQ1djDy741g:0
[    1781ms] [ERROR] Failed to load resource: the server responded with a status of 404 () @ https://cloudusersettings-pa.clients6.google.com/v1alpha1/settings/GROWTH_TARGETED_FEATURE_HISTORY/keys/survey_apis_site?key=AIzaSyCI-zsRP85UVOi0DjtiCwWBwQ1djDy741g:0
[    1927ms] [WARNING] Mixed Content: The page at 'https://console.cloud.google.com/apis/api/customsearch.googleapis.com/metrics?project=crypto-iris-485515-v4' was loaded over HTTPS, but requested an insecure element 'http://lh3.googleusercontent.com/Fz89BLtrgrv6TjhJOeQug0uwgBtJqKtqzTF8Lk_FoyPQtPZnL65NWqMupqBEZ8ezl5Hn_plffgM1IpKCuRzG=w92-h92'. This request was automatically upgraded to HTTPS, For more information see https://blog.chromium.org/2019/10/no-more-mixed-messages-about-https.html @ https://console.cloud.google.com/apis/api/customsearch.googleapis.com/metrics?project=crypto-iris-485515-v4:0
[    2215ms] [ERROR] Failed to load resource: the server responded with a status of 404 () @ https://cloudusersettings-pa.clients6.google.com/v1alpha1/settings/CONSUMED_API_DASHBOARD/projects/crypto-iris-485515-v4/keys/customsearch.googleapis.com?key=AIzaSyCI-zsRP85UVOi0DjtiCwWBwQ1djDy741g:0
[    2253ms] [WARNING] No ID or name found in config. @ https://www.gstatic.com/_/pantheon/_/js/k=pantheon.pantheon_module_set.en_US.gxUTMSyf_6M.es5.O/am=AAAAAAAcAAAAAAAALA/d=1/rs=ADqnUbO5qFFuj75mVrKChay2h5hdx1c4og/m=core:4041
[    2261ms] [WARNING] No ID or name found in config. @ https://www.gstatic.com/_/pantheon/_/js/k=pantheon.pantheon_module_set.en_US.gxUTMSyf_6M.es5.O/am=AAAAAAAcAAAAAAAALA/d=1/rs=ADqnUbO5qFFuj75mVrKChay2h5hdx1c4og/m=core:4041
[    2265ms] [WARNING] No ID or name found in config. @ https://www.gstatic.com/_/pantheon/_/js/k=pantheon.pantheon_module_set.en_US.gxUTMSyf_6M.es5.O/am=AAAAAAAcAAAAAAAALA/d=1/rs=ADqnUbO5qFFuj75mVrKChay2h5hdx1c4og/m=core:4041
[    2267ms] [WARNING] No ID or name found in config. @ https://www.gstatic.com/_/pantheon/_/js/k=pantheon.pantheon_module_set.en_US.gxUTMSyf_6M.es5.O/am=AAAAAAAcAAAAAAAALA/d=1/rs=ADqnUbO5qFFuj75mVrKChay2h5hdx1c4og/m=core:4041
[    2612ms] [ERROR] Failed to load resource: the server responded with a status of 400 () @ https://cloudusersettings-pa.clients6.google.com/v1alpha1/settings/GROWTH_TARGETED_FEATURE_HISTORY?key=AIzaSyCI-zsRP85UVOi0DjtiCwWBwQ1djDy741g:0
[    2621ms] [ERROR] Failed to load resource: the server responded with a status of 404 () @ https://cloudusersettings-pa.clients6.google.com/v1alpha1/settings/MFA_COHORT_DIALOG_SETTINGS?key=AIzaSyCI-zsRP85UVOi0DjtiCwWBwQ1djDy741g:0
[    2630ms] [ERROR] Failed to load resource: the server responded with a status of 400 () @ https://cloudusersettings-pa.clients6.google.com/v1alpha1/settings/GROWTH_TARGETED_FEATURE_HISTORY?key=AIzaSyCI-zsRP85UVOi0DjtiCwWBwQ1djDy741g:0
[    2777ms] [ERROR] Failed to load resource: the server responded with a status of 404 () @ https://cloudusersettings-pa.clients6.google.com/v1alpha1/settings/COE_NU_FIRST_CHARGE_BANNER_DISMISSALS?key=AIzaSyCI-zsRP85UVOi0DjtiCwWBwQ1djDy741g:0
[    2792ms] [ERROR] Failed to load resource: the server responded with a status of 404 () @ https://cloudusersettings-pa.clients6.google.com/v1alpha1/settings/GROWTH_TARGETED_FEATURE_HISTORY/keys/recently_visited_products_new_badge?key=AIzaSyCI-zsRP85UVOi0DjtiCwWBwQ1djDy741g:0
[    9101ms] [WARNING] The resource https://www.gstatic.com/pantheon/images/shellgm2/icons-medium_v15.svg was preloaded using link preload but not used within a few seconds from the window's load event. Please make sure it has an appropriate `as` value and it is preloaded intentionally. @ https://console.cloud.google.com/apis/api/customsearch.googleapis.com/metrics?project=crypto-iris-485515-v4:0
[    9101ms] [WARNING] The resource https://www.gstatic.com/_/mss/boq-cloud-client/_/js/k=boq-cloud-client.MetropolisMicroUi.en_US.MNdU0dDy71Y.es6.O/am=AAAAAAAAEA/d=1/rs=AJ563L8_flonSwRexn4i1Kx6YtGp88xFcA/m=b was preloaded using link preload but not used within a few seconds from the window's load event. Please make sure it has an appropriate `as` value and it is preloaded intentionally. @ https://console.cloud.google.com/apis/api/customsearch.googleapis.com/metrics?project=crypto-iris-485515-v4:0
[    9101ms] [WARNING] The resource https://www.gstatic.com/_/mss/boq-cloud-client/_/js/md=1/k=boq-cloud-client.MetropolisMicroUi.en_US.MNdU0dDy71Y.es6.O/ck=boq-cloud-client.MetropolisMicroUi.wAgRHk0ViiA.L.W.O/am=AAAAAAAAEA/rs=AJ563L8zOQtlkzRZEFwtRC9ymt-K1Nwltw was preloaded using link preload but not used within a few seconds from the window's load event. Please make sure it has an appropriate `as` value and it is preloaded intentionally. @ https://console.cloud.google.com/apis/api/customsearch.googleapis.com/metrics?project=crypto-iris-485515-v4:0
